time	aab
1.666666666666669e-05	0.0
3.354832429226901e-05	0.0
5.064879664400338e-05	0.0022377575052603973
6.797199339933548e-05	0.006735846664904274
8.552191248299361e-05	0.01351705612906472
0.00010330264247913478	0.022604390275962064
0.00012131836512149796	0.03402107041512159
0.00013957335786448106	0.047790535965508196
0.00015807199653820333	0.06393644560732745
0.00017681875809075066	0.0824826784062144
0.00019581822342093844	0.10345333490850614
0.00021507508030507543	0.12687273820626535
0.00023459412642136494	0.1527654349706968
0.0002543802724757417	0.18115619645257228
0.00027443854543311334	0.2120700194482522
0.0002947740918581531	0.24553212722986903
0.0003153921813699785	0.28156797043820947
0.00033629821021524816	0.32020322793681044
0.0003574977049644165	0.3614638076257583
0.00037899632633610423	0.4053758472136584
0.00040079987315477176	0.4519657149462183
0.0004229142864471262	0.5012600102898683
0.00044534565368294446	0.5532855645688202
0.0004681002131662663	0.6080694415539454
0.000491184358583191	0.6656389380018383
0.0005146046437128104	0.7260215841424078
0.0005383677873081248	0.7892451441133297
0.0005624806781541192	0.8553376163396713
0.0005869503803105253	0.9243272338569957
0.0006117841385471658	0.9962424645762307
0.0006369893839801625	1.0711120114885873
0.0006625737399177046	1.1489648128087988
0.0006885450279245041	1.229830042054949
0.0007149112741145233	1.3137371080631528
0.0007416807156820483	1.4007156549353512
0.0007688618076816867	1.490795561918487
0.0007964632300684176	1.5840069432133255
0.0008244938950093892	1.6803801477111977
0.0008529629544797682	1.7799457586569485
0.0008818798081555879	1.8827345932363861
0.000911254111617222	1.9887777020865482
0.0009410957848778295	2.0981063687271138
0.0009714150212518858	2.2107521089113176
0.0010022222965797192	2.3267466698947525
0.0010335283788248377	2.4461220296204678
0.001065344338061737	2.5689103958188197
0.0010976815568728552	2.695144205020556
0.0011305517411743658	2.824856121481673
0.001163966931491594	2.9580790360186295
0.0011979395147060012	3.0948460647525478
0.0012324822362969245	3.2351905477611105
0.0012676082131025655	3.3791460476369086
0.0013033309466261276	3.5267463479510783
0.0013396643369144876	3.6780254516211413
0.0013766226970383765	3.8330175791820436
0.001414220768204736	3.991757166959483
0.0014524737355337198	4.154278865144707
0.0014913972445347343	4.320617535770077
0.001531007418317968	4.490808250584796
0.0015713208755800477	4.664886288830329
0.001612354749404807	4.842887134915158
0.0016541267069226527	5.024846475988678
0.0016966549698746937	5.210800199414138
0.001739958336130661	5.400784390140751
0.0017840562022127136	5.5948353279751855
0.0018289685868805086	5.792989484752902
0.0018747161558364323	5.995283521409909
0.001921320247613662	6.201754284955757
0.001968802900713776	6.412438805348776
0.002017186882064969	6.6273742922747685
0.0020664957168766004	6.846598131830613
0.002116753719970811	7.0701478831144575
0.002167986028677333	7.298061274724438
0.0022202186373834155	7.530376201168129
0.0022734784338370347	7.767130719185182
0.002327793237308265	8.008363043985934
0.0023831918387209514	8.254111545409033
0.002439704042874617	8.504414744001469
0.002497360712884989	8.759311307024724
0.002556193816980616	9.01884004439109
0.0026162364778029	9.283039904534586
0.0026775230243675013	9.551949970221244
0.002740089046856579	9.825609454303986
0.0028039714544238173	10.104057695427658
0.0028692085362076653	10.387334153690263
0.0029358400257628978	10.675478406266862
0.003003907169136479	10.968530143003061
0.0030734527968309866	11.266529161985531
0.0031445213999176194	11.569515365097427
0.0032171592105812185	11.877528753567205
0.0032914142874019554	12.190609423519772
0.003367336605702552	12.508797561539543
0.003444978153316299	12.832133440255522
0.0035243930321599386	13.160657413959168
0.0036056375660269723	13.494409914266415
0.0036887704150513354	13.83343144583588
0.003773852697329053	14.177762582156001
0.0038609481182267187	14.527443961414528
0.0039501231079508625	14.882516282464541
0.004041446968001877	15.243020300901962
0.004134992027190692	15.608996825270294
0.0042308338079563015	15.980486713409176
0.004329051203788234	16.357530868964208
0.004429726668630744	16.74017023807638
0.004532946419225681	17.128445806270438
0.0046388006514395536	17.522398595562397
0.004747383771718208	17.922069661807548
0.004858794644920891	18.32750009231127
0.004973136859905544	18.73873100372613
0.005090519014370433	19.15580354025988
0.0052110550206051825	19.57875887222015
0.005334864433968943	20.00763819492297
0.005462072806096759	20.44248272799345
0.005592812065039698	20.88333371508845
0.005727220924772691	21.33023242407241
0.005865445326759401	21.783220147679074
0.006007638916549562	22.242338204693404
0.006153963558705017	22.707627941689587
0.006304589893711203	23.17913073536285
0.0064596979409363466	23.656887995494518
0.006619477752157725	24.1409411685917
0.006784130120690302	24.63133174224494
0.006953867351736449	25.12810125024929
0.007128914100236415	25.631291278536377
0.007309508283249168	26.140943471967347
0.007495902074746009	26.657099542038956
0.007688362991670706	27.17980127555753
0.007887175081228702	27.709090544338125
0.008092640220636067	28.24500931598887
0.008305079542012412	28.78759966584333
0.008524834996771685	29.336903790106515
0.008752271075786964	29.89296402028321
0.008987776703823733	30.45582283896029
0.009231767329302098	31.02552289701776
0.009484687233424249	31.60210703234633
0.009747012086163409	32.18561829015253
0.010019251780644164	32.77609994493522
0.010301953582159806	33.37359552422026
0.01059570563360133	33.97814883414295
0.010901140865574916	34.58980398696973
0.011218941367155292	35.208605430653016
0.01154984328230086	35.83459798051375
0.011894642307737659	36.467826853146754
0.012254199880967981	37.10833770264311
0.012629450162428798	37.75617665922116
0.013021407934280364	38.41139037035332
0.01343117756055582	39.0740260444686
0.013859963180341613	39.74413149730028
0.014309080338418744	40.42175520093267
0.014779969297818753	41.10694633558066
0.015274210327884863	41.79975484410689
0.015793541322061833	42.50023148924422
0.016339878174861017	43.20842791344093
0.01691533844130182	43.924396701180676
0.017522268919935143	44.648191443543396
0.018163277949359135	45.37986680466123
0.018841273397365518	46.119478589577945
0.01955950756420463	46.86708381283027
0.02032163053419885	47.622740766822716
0.021131753916775603	48.38650908874482
0.02199452745181562	49.158449824359344
0.02291523166112124	49.938625486438156
0.023899890673196797	50.727100104898334
0.02495541062631447	51.52393926473439
0.026089750801717982	52.329210126574296
0.027312137056671397	53.14298142299569
0.028633330518719247	53.96532342146854
0.030065969330026872	54.796307841722516
0.03162500821213952	55.63600771115683
0.03332829089591121	56.484497136162915
0.03519730587582619	57.34185095924944
0.03725819957253985	58.20814426065043
0.039543158066129534	59.08345164715675
0.04209232832970106	59.967846247916476
0.04495654917805102	60.86139830324258
0.048201332837659816	61.764173182149015
0.051912843320047725	62.676228587640026
0.056207189437335214	63.59761058902986
0.06124548044040956	64.5283479282904
0.06725947671603315	65.46844372829109
0.07459811628185471	66.41786317964363
0.08381895998230643	67.3765147834061
0.09588821944264035	68.34422079897399
0.11268956160925267	69.32066851045327
0.13865704192063155	70.30532443364201
0.17409252664876756	71.29726670140994
0.24409582132031815	72.00255659368801
0.3186015247960979	72.60086264998922
3.911726003610929	72.60305705926287
3.9484912280129	72.63061228828276
70.59330125404973	72.68494120384237
70.62525350543538	72.93611222836154
70.6636434791744	73.8959871569348
70.74109703961199	74.03599651303256
70.81789483490914	74.10425147652946
127.27538619404156	74.10644501184971
127.31231198429951	74.50509705904348
127.43193164436614	75.26111785080107
127.49297829334272	75.26362086441306
192.87045150239885	75.26607181727503
192.90868059292788	75.60089909297487
192.9943180459179	76.47369315207207
193.07889899357647	76.53060444009517
255.41958965360033	76.53279798392097
255.46014397530075	76.93100767084293
255.58197435770902	77.68316042249384
255.6528451711379	77.68597944512197
326.99943214511165	77.68833768462682
327.04162778113846	78.03352369913513
327.13720919829234	78.8804252453025
327.23123424621366	78.92860981137467
396.72056190867386	78.93080337255847
396.76547823081467	79.32855174494166
396.894415712808	80.07589352746578
396.9765879496071	80.0790726851368
475.93762974589197	80.08137915117163
475.9846251128017	80.43440861666929
476.092546555532	81.25914623508153
476.19829596166545	81.30074178238242
554.5636474752798	81.30293536398665
554.6139118551707	81.70022460172632
554.7545975890412	82.44143601361938
554.85027863765	82.44499158647484
643.6359585739253	82.44726731465975
643.6888894999333	82.80620611081133
643.8125234130931	83.61090280162581
643.9332288516924	83.6475632217886
733.6116237569728	83.64975681618759
733.6685999428909	84.04661022117013
733.8264663070145	84.77983178104729
733.9389988984339	84.78375776279876
835.6634909246225	84.78601433460481
835.7239542482464	85.14939519021466
835.8682481717458	85.93456582313325
836.0086798767488	85.96755907574129
940.5837707658826	85.96975265808334
940.649412469804	86.36621602960557
940.8318718709993	87.0887683156747
940.9664439590106	87.09303813604461
1060.271505129237	87.09528236572912
1060.341833500502	87.46197044733347
1060.5144402305189	88.22637449346747
1060.682022772785	88.25670072877723
1185.7118413716385	88.25889424682026
1185.789074534564	88.65504076132078
1186.0075102245544	89.3629175237937
1186.1725458128008	89.36748175291082
1330.460669971888	89.36971797139383
1330.5444408746844	89.73878321521714
1330.7580523234826	90.47889666201347
1330.9651894551432	90.50740640354103
1485.699309695135	90.50959975897767
1485.792772983968	90.90554261539799
1486.0667485362767	91.59242825290238
1486.2769337368838	91.59720521905054
1668.425645776342	91.5994365431134
1668.5287013517166	91.97001470513105
1668.806479652969	92.67870658090919
1669.0760352725547	92.70624191341075
1870.4788240064902	92.70843492153466
1870.5964416382021	93.10435950241688
1870.9644935672263	93.75955106851605
1871.2483025167505	93.76439982355885
2116.5408755797253	93.76662920121358
2116.67357230306	94.13768557116605
2117.0640886374463	94.80102218492937
2117.444789888373	94.82868006613101
2401.3898404483666	94.83087235230207
2401.5465819740134	95.22712940065978
2402.1017791574586	95.83062036366198
2402.5240053768352	95.83525520643641
2770.7167729485564	95.83748778449863
2770.899524335505	96.20706828393425
2771.5295678228804	96.79591600311325
2772.1529133561403	96.82590590043965
3233.9673943767457	96.82809657282692
3234.1957231049237	97.22556698707122
3235.2774740217924	97.73471727915835
3236.0228142100436	97.73834706368069
3924.8771110351827	97.74061267053136
3925.1544347084887	98.1004297515413
3926.507845648765	98.54457227755286
3927.93955845335	98.58626104626822
4039.7445506430827	98.58844779973785
4040.397096024087	98.63226537936876
5492.264758544035	98.70952010741776
5492.585673053276	98.93885362803925
5494.658373211291	99.20946374956223
6347.223019185355	99.38611244443558
6351.468881251757	99.85647070959313
10042.103996534346	99.99999999996824
10044.821559287651	99.99999994452168
13691.132432039063	99.99999995832611
13693.850131873021	100.00000457782455
17340.345744332506	100.00000459149548
17343.063443152216	100.00000455036009
20989.376468069477	100.000004564031
20992.094302368187	100.00000912900444
24638.58991485474	100.00000914267535
24641.3077481391	100.00000910153994
28287.620773086273	100.00000911521086
28290.338741856307	100.00001367995633
31936.83435436978	100.00001369362724
31939.552322125364	100.00001365249183
35585.8653470777	100.00001366616274
35588.58345032564	100.00001823068088
39235.07906286603	100.00001824435179
39237.79716509943	100.00001820321638
42884.11019005692	100.0000182168873
42886.82842778936	100.00002278117812
46533.324040356674	100.00002279484903
46536.04227707447	100.00002275371362
50182.355302037126	100.00002276738454
50185.07367426066	100.00002733144805
53831.5692868549	100.00002734511897
53834.28765806369	100.00002730398356
57480.6006830315	100.00002731765447
57483.319189752714	100.0000318814907
61129.814802373876	100.00003189516161
61132.53330808024	100.0000318540262
64778.84633305322	100.00003186769712
64781.5649742787	100.00003643130606
68428.06058692679	100.00003644497697
68430.77922713732	100.00003640384156
72077.09225211546	100.00003641751248
72079.8110278518	100.00004098089414
75726.3066405268	100.00004099456505
75729.02541524809	100.00004095342963
79375.3384402314	100.00004096710055
79378.0573504852	100.00004553025495
83024.55296318713	100.00004554392586
83027.27187242577	100.00004550279044
86673.58489741424	100.00004551646136
86676.30394219208	100.00005007938852
90322.79955492096	100.00005009305941
90325.51859868354	100.00005005192399
93971.83162367718	100.00005006559489
93974.55080298566	100.0000546282948
97621.04641574145	100.0000546419657
97623.76559403457	100.00005460083028
